Build started 18.12.2016 17:48:09.
     1>Project "C:\Users\wacne_000\Desktop\Studia\PSI\PSI_Project\PSI_Project\SOM\SOM\SOM.vcxproj" on node 2 (Build target(s)).
     1>ClCompile:
         C:\Program Files (x86)\Microsoft Visual Studio 14.0\VC\bin\CL.exe /c /I"C:\Users\wacne_000\Desktop\Projekty\SFML\SFML-2.4.1-windows-vc14-32-bit\SFML-2.4.1\include" /ZI /nologo /W3 /WX- /sdl /Od /Oy- /D _MBCS /Gm /EHsc /RTC1 /MDd /GS /fp:precise /Zc:wchar_t /Zc:forScope /Zc:inline /Fo"Debug\\" /Fd"Debug\vc140.pdb" /Gd /TP /analyze- /errorReport:prompt SOM.cpp
         SOM.cpp
     1>c:\users\wacne_000\desktop\studia\psi\psi_project\psi_project\som\som\som.cpp(21): warning C4244: 'argument': conversion from 'double' to 'int', possible loss of data
     1>c:\users\wacne_000\desktop\studia\psi\psi_project\psi_project\som\som\som.cpp(23): warning C4244: 'argument': conversion from 'double' to 'float', possible loss of data
     1>c:\users\wacne_000\desktop\studia\psi\psi_project\psi_project\som\som\som.cpp(24): warning C4244: 'argument': conversion from 'double' to 'float', possible loss of data
     1>c:\users\wacne_000\desktop\studia\psi\psi_project\psi_project\som\som\som.cpp(28): warning C4244: 'argument': conversion from 'double' to 'sf::Uint8', possible loss of data
     1>c:\users\wacne_000\desktop\studia\psi\psi_project\psi_project\som\som\som.cpp(50): warning C4018: '<': signed/unsigned mismatch
     1>c:\users\wacne_000\desktop\studia\psi\psi_project\psi_project\som\som\som.cpp(95): warning C4018: '<': signed/unsigned mismatch
     1>c:\users\wacne_000\desktop\studia\psi\psi_project\psi_project\som\som\som.cpp(133): warning C4018: '<': signed/unsigned mismatch
     1>c:\users\wacne_000\desktop\studia\psi\psi_project\psi_project\som\som\som.cpp(149): warning C4018: '<': signed/unsigned mismatch
     1>c:\users\wacne_000\desktop\studia\psi\psi_project\psi_project\som\som\som.cpp(159): warning C4018: '<': signed/unsigned mismatch
     1>c:\users\wacne_000\desktop\studia\psi\psi_project\psi_project\som\som\som.cpp(164): warning C4244: 'argument': conversion from 'double' to 'sf::Uint8', possible loss of data
       Link:
         C:\Program Files (x86)\Microsoft Visual Studio 14.0\VC\bin\link.exe /ERRORREPORT:PROMPT /OUT:"C:\Users\wacne_000\Desktop\Studia\PSI\PSI_Project\PSI_Project\SOM\Debug\SOM.exe" /INCREMENTAL /NOLOGO /LIBPATH:"C:\Users\wacne_000\Desktop\Projekty\SFML\SFML-2.4.1-windows-vc14-32-bit\SFML-2.4.1\lib" "sfml-audio-d.lib" "sfml-graphics-d.lib" "sfml-main-d.lib" "sfml-network-d.lib" "sfml-system-d.lib" "sfml-window-d.lib" kernel32.lib user32.lib gdi32.lib winspool.lib comdlg32.lib advapi32.lib shell32.lib ole32.lib oleaut32.lib uuid.lib odbc32.lib odbccp32.lib /MANIFEST /MANIFESTUAC:"level='asInvoker' uiAccess='false'" /manifest:embed /Debug /PDB:"C:\Users\wacne_000\Desktop\Studia\PSI\PSI_Project\PSI_Project\SOM\Debug\SOM.pdb" /TLBID:1 /DYNAMICBASE /NXCOMPAT /IMPLIB:"C:\Users\wacne_000\Desktop\Studia\PSI\PSI_Project\PSI_Project\SOM\Debug\SOM.lib" /MACHINE:X86 Debug\DataSetManager.obj
         Debug\main.obj
         Debug\Node.obj
         Debug\RandomGenerator.obj
         Debug\SOM.obj
         SOM.vcxproj -> C:\Users\wacne_000\Desktop\Studia\PSI\PSI_Project\PSI_Project\SOM\Debug\SOM.exe
     1>Done Building Project "C:\Users\wacne_000\Desktop\Studia\PSI\PSI_Project\PSI_Project\SOM\SOM\SOM.vcxproj" (Build target(s)).

Build succeeded.

Time Elapsed 00:00:00.89
