Build started 05.11.2016 17:18:16.
     1>Project "C:\Users\wacne_000\Desktop\Studia\PSI\Zajecia\1\1\1.vcxproj" on node 2 (Build target(s)).
     1>ClCompile:
         C:\Program Files (x86)\Microsoft Visual Studio 14.0\VC\bin\CL.exe /c /ZI /nologo /W3 /WX- /sdl /Od /Oy- /D _MBCS /Gm /EHsc /RTC1 /MDd /GS /fp:precise /Zc:wchar_t /Zc:forScope /Zc:inline /Fo"Debug\\" /Fd"Debug\vc140.pdb" /Gd /TP /analyze- /errorReport:prompt main.cpp
         main.cpp
     1>c:\users\wacne_000\desktop\studia\psi\zajecia\1\1\main.cpp(25): warning C4018: '<': signed/unsigned mismatch
     1>c:\users\wacne_000\desktop\studia\psi\zajecia\1\1\main.cpp(36): warning C4018: '<': signed/unsigned mismatch
     1>c:\users\wacne_000\desktop\studia\psi\zajecia\1\1\main.cpp(83): warning C4018: '<': signed/unsigned mismatch
       Link:
         C:\Program Files (x86)\Microsoft Visual Studio 14.0\VC\bin\link.exe /ERRORREPORT:PROMPT /OUT:"C:\Users\wacne_000\Desktop\Studia\PSI\Zajecia\1\Debug\1.exe" /INCREMENTAL /NOLOGO kernel32.lib user32.lib gdi32.lib winspool.lib comdlg32.lib advapi32.lib shell32.lib ole32.lib oleaut32.lib uuid.lib odbc32.lib odbccp32.lib /MANIFEST /MANIFESTUAC:"level='asInvoker' uiAccess='false'" /manifest:embed /Debug /PDB:"C:\Users\wacne_000\Desktop\Studia\PSI\Zajecia\1\Debug\1.pdb" /TLBID:1 /DYNAMICBASE /NXCOMPAT /IMPLIB:"C:\Users\wacne_000\Desktop\Studia\PSI\Zajecia\1\Debug\1.lib" /MACHINE:X86 Debug\Input.obj
         Debug\Layer.obj
         Debug\main.obj
         Debug\McCullohPitts.obj
         Debug\Network.obj
         Debug\Neuron.obj
         Debug\Perceptron.obj
         Debug\RandomGenerator.obj
         1.vcxproj -> C:\Users\wacne_000\Desktop\Studia\PSI\Zajecia\1\Debug\1.exe
     1>Done Building Project "C:\Users\wacne_000\Desktop\Studia\PSI\Zajecia\1\1\1.vcxproj" (Build target(s)).

Build succeeded.

Time Elapsed 00:00:00.80
